#
# There is insufficient memory for the Java Runtime Environment to continue.
# Native memory allocation (malloc) failed to allocate 1107584 bytes. Error detail: Chunk::new
# Possible reasons:
#   The system is out of physical RAM or swap space
#   This process is running with CompressedOops enabled, and the Java Heap may be blocking the growth of the native heap
# Possible solutions:
#   Reduce memory load on the system
#   Increase physical memory or swap space
#   Check if swap backing store is full
#   Decrease Java heap size (-Xmx/-Xms)
#   Decrease number of Java threads
#   Decrease Java thread stack sizes (-Xss)
#   Set larger code cache with -XX:ReservedCodeCacheSize=
#   JVM is running with Unscaled Compressed Oops mode in which the Java heap is
#     placed in the first 4GB address space. The Java Heap base address is the
#     maximum limit for the native heap growth. Please use -XX:HeapBaseMinAddress
#     to set the Java Heap base and to place the Java Heap above 4GB virtual address.
# This output file may be truncated or incomplete.
#
#  Out of Memory Error (arena.cpp:168), pid=40152, tid=26636
#
# JRE version: OpenJDK Runtime Environment Temurin-21.0.7+6 (21.0.7+6) (build 21.0.7+6-LTS)
# Java VM: OpenJDK 64-Bit Server VM Temurin-21.0.7+6 (21.0.7+6-LTS, mixed mode, sharing, tiered, compressed oops, compressed class ptrs, parallel gc, windows-amd64)
# No core dump will be written. Minidumps are not enabled by default on client versions of Windows
#

---------------  S U M M A R Y ------------

Command Line: --add-modules=ALL-SYSTEM --add-opens=java.base/java.util=ALL-UNNAMED --add-opens=java.base/java.lang=ALL-UNNAMED --add-opens=java.base/sun.nio.fs=ALL-UNNAMED -Declipse.application=org.eclipse.jdt.ls.core.id1 -Dosgi.bundles.defaultStartLevel=4 -Declipse.product=org.eclipse.jdt.ls.core.product -Djava.import.generatesMetadataFilesAtProjectRoot=false -DDetectVMInstallationsJob.disabled=true -Dfile.encoding=utf8 -XX:+UseParallelGC -XX:GCTimeRatio=4 -XX:AdaptiveSizePolicyWeight=90 -Dsun.zip.disableMemoryMapping=true -Xmx2G -Xms100m -Xlog:disable -javaagent:c:\Users\PMLS\.vscode\extensions\redhat.java-1.43.1-win32-x64\lombok\lombok-1.18.39-4050.jar -XX:+HeapDumpOnOutOfMemoryError -XX:HeapDumpPath=c:\Users\PMLS\AppData\Roaming\Code\User\workspaceStorage\b741e66c2fbb7d450fd3154f50371b40\redhat.java -Daether.dependencyCollector.impl=bf c:\Users\PMLS\.vscode\extensions\redhat.java-1.43.1-win32-x64\server\plugins\org.eclipse.equinox.launcher_1.7.0.v20250519-0528.jar -configuration c:\Users\PMLS\AppData\Roaming\Code\User\globalStorage\redhat.java\1.43.1\config_win -data c:\Users\PMLS\AppData\Roaming\Code\User\workspaceStorage\b741e66c2fbb7d450fd3154f50371b40\redhat.java\jdt_ws --pipe=\\.\pipe\lsp-834020dde47c2fec358d65f779cccce5-sock

Host: 12th Gen Intel(R) Core(TM) i5-1235U, 12 cores, 7G,  Windows 10 , 64 bit Build 19041 (10.0.19041.5915)
Time: Thu Jul 17 21:25:04 2025 Pakistan Standard Time elapsed time: 18.781649 seconds (0d 0h 0m 18s)

---------------  T H R E A D  ---------------

Current thread (0x00000165ebabd970):  JavaThread "C2 CompilerThread0" daemon [_thread_in_native, id=26636, stack(0x00000047e0900000,0x00000047e0a00000) (1024K)]


Current CompileTask:
C2:18781 11168 %s!   4       org.eclipse.jdt.internal.core.index.DiskIndex::readCategoryTable @ 260 (743 bytes)

Stack: [0x00000047e0900000,0x00000047e0a00000]
Native frames: (J=compiled Java code, j=interpreted, Vv=VM code, C=native code)
V  [jvm.dll+0x6ce119]
V  [jvm.dll+0x8a84a1]
V  [jvm.dll+0x8aa9ce]
V  [jvm.dll+0x8ab0b3]
V  [jvm.dll+0x27f8a6]
V  [jvm.dll+0xc507d]
V  [jvm.dll+0xc55b3]
V  [jvm.dll+0x3b692c]
V  [jvm.dll+0x1dfe33]
V  [jvm.dll+0x247c42]
V  [jvm.dll+0x2470cf]
V  [jvm.dll+0x1c760e]
V  [jvm.dll+0x25695a]
V  [jvm.dll+0x254efa]
V  [jvm.dll+0x3f03f6]
V  [jvm.dll+0x851f6b]
V  [jvm.dll+0x6cc7dd]
C  [ucrtbase.dll+0x21bb2]
C  [KERNEL32.DLL+0x17374]
C  [ntdll.dll+0x4cc91]


---------------  P R O C E S S  ---------------

Threads class SMR info:
_java_thread_list=0x00000165f576a0d0, length=63, elements={
0x00000165d2c953d0, 0x00000165ebab2440, 0x00000165ebab3350, 0x00000165ebab4c50,
0x00000165ebab5db0, 0x00000165ebab8d00, 0x00000165ebabb9b0, 0x00000165ebabd970,
0x00000165ed9b1040, 0x00000165edab0770, 0x00000165edc9b290, 0x00000165f2513440,
0x00000165f2ac3e90, 0x00000165f2392a50, 0x00000165f26f00d0, 0x00000165f2bad990,
0x00000165f2c4e4a0, 0x00000165f2adae10, 0x00000165f2ada780, 0x00000165f2adb4a0,
0x00000165f2ad8020, 0x00000165f2ad86b0, 0x00000165f2ada0f0, 0x00000165f2ad8d40,
0x00000165f2ad93d0, 0x00000165f2ad9a60, 0x00000165f2e5fe90, 0x00000165f2e64d50,
0x00000165f2e653e0, 0x00000165f2e60520, 0x00000165f2e62c80, 0x00000165f2e5f170,
0x00000165f2e60bb0, 0x00000165f2e61240, 0x00000165f2e618d0, 0x00000165f2e646c0,
0x00000165f2e5f800, 0x00000165f2e63310, 0x00000165f2e5eae0, 0x00000165f2e65a70,
0x00000165f2e61f60, 0x00000165f2e625f0, 0x00000165f2e639a0, 0x00000165f2e66100,
0x00000165f2ba5eb0, 0x00000165f2baa6e0, 0x00000165f2ba7f80, 0x00000165f2ba6540,
0x00000165f2baba90, 0x00000165f2baa050, 0x00000165f2ba9330, 0x00000165f2ba99c0,
0x00000165f2bac120, 0x00000165f2bac7b0, 0x00000165f2ba6bd0, 0x00000165fe812350,
0x00000165fe80eed0, 0x00000165fe80e840, 0x00000165fe80c770, 0x00000165fe810910,
0x00000165fe80f560, 0x00000165fe80fbf0, 0x00000165fe80db20
}

Java Threads: ( => current thread )
  0x00000165d2c953d0 JavaThread "main"                              [_thread_blocked, id=40192, stack(0x00000047dff00000,0x00000047e0000000) (1024K)]
  0x00000165ebab2440 JavaThread "Reference Handler"          daemon [_thread_blocked, id=40220, stack(0x00000047e0300000,0x00000047e0400000) (1024K)]
  0x00000165ebab3350 JavaThread "Finalizer"                  daemon [_thread_blocked, id=40196, stack(0x00000047e0400000,0x00000047e0500000) (1024K)]
  0x00000165ebab4c50 JavaThread "Signal Dispatcher"          daemon [_thread_blocked, id=40148, stack(0x00000047e0500000,0x00000047e0600000) (1024K)]
  0x00000165ebab5db0 JavaThread "Attach Listener"            daemon [_thread_blocked, id=40124, stack(0x00000047e0600000,0x00000047e0700000) (1024K)]
  0x00000165ebab8d00 JavaThread "Service Thread"             daemon [_thread_blocked, id=40292, stack(0x00000047e0700000,0x00000047e0800000) (1024K)]
  0x00000165ebabb9b0 JavaThread "Monitor Deflation Thread"   daemon [_thread_blocked, id=40288, stack(0x00000047e0800000,0x00000047e0900000) (1024K)]
=>0x00000165ebabd970 JavaThread "C2 CompilerThread0"         daemon [_thread_in_native, id=26636, stack(0x00000047e0900000,0x00000047e0a00000) (1024K)]
  0x00000165ed9b1040 JavaThread "C1 CompilerThread0"         daemon [_thread_blocked, id=18572, stack(0x00000047e0a00000,0x00000047e0b00000) (1024K)]
  0x00000165edab0770 JavaThread "Common-Cleaner"             daemon [_thread_blocked, id=40356, stack(0x00000047e0b00000,0x00000047e0c00000) (1024K)]
  0x00000165edc9b290 JavaThread "Notification Thread"        daemon [_thread_blocked, id=38952, stack(0x00000047e0d00000,0x00000047e0e00000) (1024K)]
  0x00000165f2513440 JavaThread "Active Thread: Equinox Container: 61d934ab-0236-4643-9710-bfe3d21ffe0a"        [_thread_blocked, id=38476, stack(0x00000047e1500000,0x00000047e1600000) (1024K)]
  0x00000165f2ac3e90 JavaThread "Refresh Thread: Equinox Container: 61d934ab-0236-4643-9710-bfe3d21ffe0a" daemon [_thread_blocked, id=31048, stack(0x00000047e1600000,0x00000047e1700000) (1024K)]
  0x00000165f2392a50 JavaThread "Framework Event Dispatcher: Equinox Container: 61d934ab-0236-4643-9710-bfe3d21ffe0a" daemon [_thread_blocked, id=31332, stack(0x00000047e1800000,0x00000047e1900000) (1024K)]
  0x00000165f26f00d0 JavaThread "Start Level: Equinox Container: 61d934ab-0236-4643-9710-bfe3d21ffe0a" daemon [_thread_blocked, id=39252, stack(0x00000047e1900000,0x00000047e1a00000) (1024K)]
  0x00000165f2bad990 JavaThread "Bundle File Closer"         daemon [_thread_blocked, id=40932, stack(0x00000047e1c00000,0x00000047e1d00000) (1024K)]
  0x00000165f2c4e4a0 JavaThread "SCR Component Actor"        daemon [_thread_blocked, id=40940, stack(0x00000047e1d00000,0x00000047e1e00000) (1024K)]
  0x00000165f2adae10 JavaThread "Worker-JM"                         [_thread_blocked, id=40408, stack(0x00000047e1f00000,0x00000047e2000000) (1024K)]
  0x00000165f2ada780 JavaThread "JNA Cleaner"                daemon [_thread_blocked, id=40460, stack(0x00000047e2000000,0x00000047e2100000) (1024K)]
  0x00000165f2adb4a0 JavaThread "Worker-0"                          [_thread_blocked, id=40448, stack(0x00000047e2100000,0x00000047e2200000) (1024K)]
  0x00000165f2ad8020 JavaThread "Worker-1"                          [_thread_blocked, id=10044, stack(0x00000047e2200000,0x00000047e2300000) (1024K)]
  0x00000165f2ad86b0 JavaThread "Worker-2"                          [_thread_blocked, id=40272, stack(0x00000047e2300000,0x00000047e2400000) (1024K)]
  0x00000165f2ada0f0 JavaThread "Java indexing"              daemon [_thread_in_native, id=40160, stack(0x00000047e2400000,0x00000047e2500000) (1024K)]
  0x00000165f2ad8d40 JavaThread "Worker-3"                          [_thread_blocked, id=40156, stack(0x00000047e2500000,0x00000047e2600000) (1024K)]
  0x00000165f2ad93d0 JavaThread "Worker-4: Java indexing... "        [_thread_blocked, id=40260, stack(0x00000047e2800000,0x00000047e2900000) (1024K)]
  0x00000165f2ad9a60 JavaThread "Worker-5"                          [_thread_blocked, id=40264, stack(0x00000047e2900000,0x00000047e2a00000) (1024K)]
  0x00000165f2e5fe90 JavaThread "Thread-2"                   daemon [_thread_in_native, id=40276, stack(0x00000047e2a00000,0x00000047e2b00000) (1024K)]
  0x00000165f2e64d50 JavaThread "Thread-3"                   daemon [_thread_in_native, id=40280, stack(0x00000047e2b00000,0x00000047e2c00000) (1024K)]
  0x00000165f2e653e0 JavaThread "Thread-4"                   daemon [_thread_in_native, id=40308, stack(0x00000047e2c00000,0x00000047e2d00000) (1024K)]
  0x00000165f2e60520 JavaThread "Thread-5"                   daemon [_thread_in_native, id=40312, stack(0x00000047e2d00000,0x00000047e2e00000) (1024K)]
  0x00000165f2e62c80 JavaThread "Thread-6"                   daemon [_thread_in_native, id=40316, stack(0x00000047e2e00000,0x00000047e2f00000) (1024K)]
  0x00000165f2e5f170 JavaThread "Thread-7"                   daemon [_thread_in_native, id=40320, stack(0x00000047e2f00000,0x00000047e3000000) (1024K)]
  0x00000165f2e60bb0 JavaThread "Thread-8"                   daemon [_thread_in_native, id=40324, stack(0x00000047e3000000,0x00000047e3100000) (1024K)]
  0x00000165f2e61240 JavaThread "Thread-9"                   daemon [_thread_in_native, id=40328, stack(0x00000047e3100000,0x00000047e3200000) (1024K)]
  0x00000165f2e618d0 JavaThread "Thread-10"                  daemon [_thread_in_native, id=40332, stack(0x00000047e3200000,0x00000047e3300000) (1024K)]
  0x00000165f2e646c0 JavaThread "Thread-11"                  daemon [_thread_in_native, id=40336, stack(0x00000047e3300000,0x00000047e3400000) (1024K)]
  0x00000165f2e5f800 JavaThread "Thread-12"                  daemon [_thread_in_native, id=40404, stack(0x00000047e3400000,0x00000047e3500000) (1024K)]
  0x00000165f2e63310 JavaThread "Thread-13"                  daemon [_thread_in_native, id=40568, stack(0x00000047e3500000,0x00000047e3600000) (1024K)]
  0x00000165f2e5eae0 JavaThread "Thread-14"                  daemon [_thread_in_native, id=40632, stack(0x00000047e3600000,0x00000047e3700000) (1024K)]
  0x00000165f2e65a70 JavaThread "pool-2-thread-1"                   [_thread_blocked, id=40564, stack(0x00000047e3700000,0x00000047e3800000) (1024K)]
  0x00000165f2e61f60 JavaThread "WorkspaceEventsHandler"            [_thread_blocked, id=27036, stack(0x00000047e3800000,0x00000047e3900000) (1024K)]
  0x00000165f2e625f0 JavaThread "pool-1-thread-1"                   [_thread_blocked, id=28232, stack(0x00000047e3900000,0x00000047e3a00000) (1024K)]
  0x00000165f2e639a0 JavaThread "Worker-6"                          [_thread_blocked, id=40784, stack(0x00000047e3a00000,0x00000047e3b00000) (1024K)]
  0x00000165f2e66100 JavaThread "Worker-7: Initialize Workspace"        [_thread_blocked, id=40804, stack(0x00000047e3b00000,0x00000047e3c00000) (1024K)]
  0x00000165f2ba5eb0 JavaThread "LocalFile Deleter"          daemon [_thread_blocked, id=40684, stack(0x00000047e3c00000,0x00000047e3d00000) (1024K)]
  0x00000165f2baa6e0 JavaThread "LocalFile Deleter"          daemon [_thread_blocked, id=25544, stack(0x00000047e3d00000,0x00000047e3e00000) (1024K)]
  0x00000165f2ba7f80 JavaThread "LocalFile Deleter"          daemon [_thread_blocked, id=40664, stack(0x00000047e3e00000,0x00000047e3f00000) (1024K)]
  0x00000165f2ba6540 JavaThread "Compiler Source File Reader" daemon [_thread_blocked, id=40796, stack(0x00000047e3f00000,0x00000047e4000000) (1024K)]
  0x00000165f2baba90 JavaThread "Compiler Processing Task"   daemon [_thread_blocked, id=40168, stack(0x00000047e4000000,0x00000047e4100000) (1024K)]
  0x00000165f2baa050 JavaThread "Compiler Class File Writer" daemon [_thread_blocked, id=26924, stack(0x00000047e4100000,0x00000047e4200000) (1024K)]
  0x00000165f2ba9330 JavaThread "Compiler Source File Reader" daemon [_thread_blocked, id=40856, stack(0x00000047e4200000,0x00000047e4300000) (1024K)]
  0x00000165f2ba99c0 JavaThread "Compiler Class File Writer" daemon [_thread_blocked, id=37932, stack(0x00000047e4300000,0x00000047e4400000) (1024K)]
  0x00000165f2bac120 JavaThread "ForkJoinPool.commonPool-worker-1" daemon [_thread_blocked, id=30988, stack(0x00000047e0c00000,0x00000047e0d00000) (1024K)]
  0x00000165f2bac7b0 JavaThread "ForkJoinPool.commonPool-worker-2" daemon [_thread_blocked, id=39180, stack(0x00000047e0e00000,0x00000047e0f00000) (1024K)]
  0x00000165f2ba6bd0 JavaThread "ForkJoinPool.commonPool-worker-4" daemon [_thread_blocked, id=40180, stack(0x00000047e4400000,0x00000047e4500000) (1024K)]
  0x00000165fe812350 JavaThread "ForkJoinPool.commonPool-worker-3" daemon [_thread_blocked, id=40300, stack(0x00000047e4500000,0x00000047e4600000) (1024K)]
  0x00000165fe80eed0 JavaThread "ForkJoinPool.commonPool-worker-5" daemon [_thread_blocked, id=25688, stack(0x00000047e4600000,0x00000047e4700000) (1024K)]
  0x00000165fe80e840 JavaThread "ForkJoinPool.commonPool-worker-7" daemon [_thread_blocked, id=36196, stack(0x00000047e4700000,0x00000047e4800000) (1024K)]
  0x00000165fe80c770 JavaThread "ForkJoinPool.commonPool-worker-6" daemon [_thread_blocked, id=39988, stack(0x00000047e4800000,0x00000047e4900000) (1024K)]
  0x00000165fe810910 JavaThread "ForkJoinPool.commonPool-worker-8" daemon [_thread_blocked, id=18568, stack(0x00000047e4900000,0x00000047e4a00000) (1024K)]
  0x00000165fe80f560 JavaThread "ForkJoinPool.commonPool-worker-9" daemon [_thread_blocked, id=39948, stack(0x00000047e4a00000,0x00000047e4b00000) (1024K)]
  0x00000165fe80fbf0 JavaThread "ForkJoinPool.commonPool-worker-10" daemon [_thread_blocked, id=38156, stack(0x00000047e4b00000,0x00000047e4c00000) (1024K)]
  0x00000165fe80db20 JavaThread "ForkJoinPool.commonPool-worker-11" daemon [_thread_blocked, id=30912, stack(0x00000047e4c00000,0x00000047e4d00000) (1024K)]
Total: 63

Other Threads:
  0x00000165d50cfb70 VMThread "VM Thread"                           [id=40228, stack(0x00000047e0200000,0x00000047e0300000) (1024K)]
  0x00000165d5078e60 WatcherThread "VM Periodic Task Thread"        [id=40224, stack(0x00000047e0100000,0x00000047e0200000) (1024K)]
  0x00000165d502db80 WorkerThread "GC Thread#0"                     [id=40216, stack(0x00000047e0000000,0x00000047e0100000) (1024K)]
  0x00000165f28220a0 WorkerThread "GC Thread#1"                     [id=40376, stack(0x00000047e0f00000,0x00000047e1000000) (1024K)]
  0x00000165f2822440 WorkerThread "GC Thread#2"                     [id=40384, stack(0x00000047e1000000,0x00000047e1100000) (1024K)]
  0x00000165f2687040 WorkerThread "GC Thread#3"                     [id=40372, stack(0x00000047e1100000,0x00000047e1200000) (1024K)]
  0x00000165f26873e0 WorkerThread "GC Thread#4"                     [id=40348, stack(0x00000047e1200000,0x00000047e1300000) (1024K)]
  0x00000165f2687780 WorkerThread "GC Thread#5"                     [id=40400, stack(0x00000047e1300000,0x00000047e1400000) (1024K)]
  0x00000165f252f2b0 WorkerThread "GC Thread#6"                     [id=40352, stack(0x00000047e1400000,0x00000047e1500000) (1024K)]
  0x00000165f23f2e60 WorkerThread "GC Thread#7"                     [id=28020, stack(0x00000047e1700000,0x00000047e1800000) (1024K)]
  0x00000165f23f4080 WorkerThread "GC Thread#8"                     [id=40928, stack(0x00000047e1a00000,0x00000047e1b00000) (1024K)]
  0x00000165f23f2ac0 WorkerThread "GC Thread#9"                     [id=40936, stack(0x00000047e1b00000,0x00000047e1c00000) (1024K)]
Total: 12

Threads with active compile tasks:
C2 CompilerThread0  18806 11168 %s!   4       org.eclipse.jdt.internal.core.index.DiskIndex::readCategoryTable @ 260 (743 bytes)
Total: 1

VM state: not at safepoint (normal execution)

VM Mutex/Monitor currently owned by a thread: None

Heap address: 0x0000000080000000, size: 2048 MB, Compressed Oops mode: 32-bit

CDS archive(s) mapped at: [0x0000016580000000-0x0000016580ba0000-0x0000016580ba0000), size 12189696, SharedBaseAddress: 0x0000016580000000, ArchiveRelocationMode: 1.
Compressed class space mapped at: 0x0000016581000000-0x00000165c1000000, reserved size: 1073741824
Narrow klass base: 0x0000016580000000, Narrow klass shift: 0, Narrow klass range: 0x100000000

GC Precious Log:
 CardTable entry size: 512
 CPUs: 12 total, 12 available
 Memory: 7916M
 Large Page Support: Disabled
 NUMA Support: Disabled
 Compressed Oops: Enabled (32-bit)
 Alignments: Space 512K, Generation 512K, Heap 2M
 Heap Min Capacity: 100M
 Heap Initial Capacity: 100M
 Heap Max Capacity: 2G
 Pre-touch: Disabled
 Parallel Workers: 10

Heap:
 PSYoungGen      total 2560K, used 2447K [0x00000000d5580000, 0x00000000d5980000, 0x0000000100000000)
  eden space 2048K, 94% used [0x00000000d5580000,0x00000000d5763ca0,0x00000000d5780000)
  from space 512K, 100% used [0x00000000d5900000,0x00000000d5980000,0x00000000d5980000)
  to   space 1024K, 0% used [0x00000000d5780000,0x00000000d5780000,0x00000000d5880000)
 ParOldGen       total 758272K, used 758268K [0x0000000080000000, 0x00000000ae480000, 0x00000000d5580000)
  object space 758272K, 99% used [0x0000000080000000,0x00000000ae47f3e0,0x00000000ae480000)
 Metaspace       used 60005K, committed 61440K, reserved 1114112K
  class space    used 6300K, committed 6912K, reserved 1048576K

Card table byte_map: [0x00000165d49c0000,0x00000165d4dd0000] _byte_map_base: 0x00000165d45c0000

Marking Bits: (ParMarkBitMap*) 0x00007fffa6c631f0
 Begin Bits: [0x00000165e74c0000, 0x00000165e94c0000)
 End Bits:   [0x00000165e94c0000, 0x00000165eb4c0000)

Polling page: 0x00000165d2c30000

Metaspace:

Usage:
  Non-class:     52.45 MB used.
      Class:      6.15 MB used.
       Both:     58.60 MB used.

Virtual space:
  Non-class space:       64.00 MB reserved,      53.25 MB ( 83%) committed,  1 nodes.
      Class space:        1.00 GB reserved,       6.75 MB ( <1%) committed,  1 nodes.
             Both:        1.06 GB reserved,      60.00 MB (  6%) committed. 

Chunk freelists:
   Non-Class:  10.19 MB
       Class:  9.25 MB
        Both:  19.44 MB

MaxMetaspaceSize: unlimited
CompressedClassSpaceSize: 1.00 GB
Initial GC threshold: 21.00 MB
Current GC threshold: 97.31 MB
CDS: on
 - commit_granule_bytes: 65536.
 - commit_granule_words: 8192.
 - virtual_space_node_default_size: 8388608.
 - enlarge_chunks_in_place: 1.
 - use_allocation_guard: 0.


Internal statistics:

num_allocs_failed_limit: 9.
num_arena_births: 1166.
num_arena_deaths: 18.
num_vsnodes_births: 2.
num_vsnodes_deaths: 0.
num_space_committed: 960.
num_space_uncommitted: 0.
num_chunks_returned_to_freelist: 29.
num_chunks_taken_from_freelist: 4091.
num_chunk_merges: 14.
num_chunk_splits: 2446.
num_chunks_enlarged: 1278.
num_inconsistent_stats: 0.

CodeHeap 'non-profiled nmethods': size=120000Kb used=7602Kb max_used=7602Kb free=112397Kb
 bounds [0x00000165dfce0000, 0x00000165e0450000, 0x00000165e7210000]
CodeHeap 'profiled nmethods': size=120000Kb used=20991Kb max_used=20991Kb free=99008Kb
 bounds [0x00000165d8210000, 0x00000165d9690000, 0x00000165df740000]
CodeHeap 'non-nmethods': size=5760Kb used=1428Kb max_used=1510Kb free=4331Kb
 bounds [0x00000165df740000, 0x00000165df9b0000, 0x00000165dfce0000]
 total_blobs=11096 nmethods=10358 adapters=644
 compilation: enabled
              stopped_count=0, restarted_count=0
 full_count=0

Compilation events (20 events):
Event: 18.654 Thread 0x00000165ed9b1040 nmethod 11160 0x00000165d9644090 code [0x00000165d9644260, 0x00000165d96445c8]
Event: 18.655 Thread 0x00000165ed9b1040 11161       3       java.util.ImmutableCollections$List12::<init> (20 bytes)
Event: 18.655 Thread 0x00000165ed9b1040 nmethod 11161 0x00000165d9644710 code [0x00000165d96448e0, 0x00000165d9644ce8]
Event: 18.655 Thread 0x00000165ed9b1040 11162       3       org.eclipse.jdt.internal.compiler.parser.Parser::ntAction (8 bytes)
Event: 18.655 Thread 0x00000165ed9b1040 nmethod 11162 0x00000165d9644e90 code [0x00000165d9645040, 0x00000165d9645168]
Event: 18.655 Thread 0x00000165ed9b1040 11163       3       org.eclipse.jdt.internal.compiler.parser.Parser::consumeRule (7748 bytes)
Event: 18.659 Thread 0x00000165ebabd970 11166       4       java.util.concurrent.TimeUnit::toNanos (45 bytes)
Event: 18.659 Thread 0x00000165ebabd970 nmethod 11166 0x00000165e044c810 code [0x00000165e044c9a0, 0x00000165e044ca98]
Event: 18.666 Thread 0x00000165ed9b1040 nmethod 11163 0x00000165d9645290 code [0x00000165d964a200, 0x00000165d967d288]
Event: 18.666 Thread 0x00000165ed9b1040 11164   !   3       org.eclipse.jdt.internal.compiler.parser.Scanner::$SWITCH_TABLE$org$eclipse$jdt$internal$compiler$parser$TerminalToken (2080 bytes)
Event: 18.670 Thread 0x00000165ed9b1040 nmethod 11164 0x00000165d9683c90 code [0x00000165d96842e0, 0x00000165d9688618]
Event: 18.670 Thread 0x00000165ed9b1040 11165  s    3       org.eclipse.jdt.internal.core.search.indexing.ReadWriteMonitor::exitWrite (19 bytes)
Event: 18.670 Thread 0x00000165ed9b1040 nmethod 11165 0x00000165d968a210 code [0x00000165d968a3c0, 0x00000165d968a5f0]
Event: 18.677 Thread 0x00000165ed9b1040 11167 % !   3       org.eclipse.jdt.internal.core.index.Index::getMetaIndexQualifications @ 93 (152 bytes)
Event: 18.678 Thread 0x00000165ed9b1040 nmethod 11167% 0x00000165d968a690 code [0x00000165d968a9c0, 0x00000165d968c118]
Event: 18.679 Thread 0x00000165ebabd970 11168 %s!   4       org.eclipse.jdt.internal.core.index.DiskIndex::readCategoryTable @ 260 (743 bytes)
Event: 18.705 Thread 0x00000165ed9b1040 11169   !   3       org.eclipse.jdt.internal.core.index.Index::getMetaIndexQualifications (152 bytes)
Event: 18.706 Thread 0x00000165ed9b1040 nmethod 11169 0x00000165d968ce10 code [0x00000165d968d120, 0x00000165d968e510]
Event: 18.730 Thread 0x00000165ed9b1040 11172       3       org.eclipse.jdt.internal.core.index.MemoryIndex::addIndexEntry (118 bytes)
Event: 18.731 Thread 0x00000165ed9b1040 nmethod 11172 0x00000165d968f010 code [0x00000165d968f260, 0x00000165d968f9a8]

GC Heap History (20 events):
Event: 18.682 GC heap before
{Heap before GC invocations=691 (full 3):
 PSYoungGen      total 6656K, used 6656K [0x00000000d5580000, 0x00000000d6080000, 0x0000000100000000)
  eden space 5120K, 100% used [0x00000000d5580000,0x00000000d5a80000,0x00000000d5a80000)
  from space 1536K, 100% used [0x00000000d5a80000,0x00000000d5c00000,0x00000000d5c00000)
  to   space 3072K, 0% used [0x00000000d5d80000,0x00000000d5d80000,0x00000000d6080000)
 ParOldGen       total 742400K, used 741978K [0x0000000080000000, 0x00000000ad500000, 0x00000000d5580000)
  object space 742400K, 99% used [0x0000000080000000,0x00000000ad496868,0x00000000ad500000)
 Metaspace       used 60005K, committed 61440K, reserved 1114112K
  class space    used 6300K, committed 6912K, reserved 1048576K
}
Event: 18.686 GC heap after
{Heap after GC invocations=691 (full 3):
 PSYoungGen      total 5120K, used 3053K [0x00000000d5580000, 0x00000000d6780000, 0x0000000100000000)
  eden space 2048K, 0% used [0x00000000d5580000,0x00000000d5580000,0x00000000d5780000)
  from space 3072K, 99% used [0x00000000d5d80000,0x00000000d607b7d0,0x00000000d6080000)
  to   space 6144K, 0% used [0x00000000d5780000,0x00000000d5780000,0x00000000d5d80000)
 ParOldGen       total 744448K, used 744130K [0x0000000080000000, 0x00000000ad700000, 0x00000000d5580000)
  object space 744448K, 99% used [0x0000000080000000,0x00000000ad6b0868,0x00000000ad700000)
 Metaspace       used 60005K, committed 61440K, reserved 1114112K
  class space    used 6300K, committed 6912K, reserved 1048576K
}
Event: 18.691 GC heap before
{Heap before GC invocations=692 (full 3):
 PSYoungGen      total 5120K, used 5101K [0x00000000d5580000, 0x00000000d6780000, 0x0000000100000000)
  eden space 2048K, 100% used [0x00000000d5580000,0x00000000d5780000,0x00000000d5780000)
  from space 3072K, 99% used [0x00000000d5d80000,0x00000000d607b7d0,0x00000000d6080000)
  to   space 6144K, 0% used [0x00000000d5780000,0x00000000d5780000,0x00000000d5d80000)
 ParOldGen       total 744448K, used 744130K [0x0000000080000000, 0x00000000ad700000, 0x00000000d5580000)
  object space 744448K, 99% used [0x0000000080000000,0x00000000ad6b0868,0x00000000ad700000)
 Metaspace       used 60005K, committed 61440K, reserved 1114112K
  class space    used 6300K, committed 6912K, reserved 1048576K
}
Event: 18.695 GC heap after
{Heap after GC invocations=692 (full 3):
 PSYoungGen      total 4608K, used 2176K [0x00000000d5580000, 0x00000000d5f00000, 0x0000000100000000)
  eden space 2048K, 0% used [0x00000000d5580000,0x00000000d5580000,0x00000000d5780000)
  from space 2560K, 85% used [0x00000000d5780000,0x00000000d59a0000,0x00000000d5a00000)
  to   space 3584K, 0% used [0x00000000d5b80000,0x00000000d5b80000,0x00000000d5f00000)
 ParOldGen       total 747520K, used 747248K [0x0000000080000000, 0x00000000ada00000, 0x00000000d5580000)
  object space 747520K, 99% used [0x0000000080000000,0x00000000ad9bc038,0x00000000ada00000)
 Metaspace       used 60005K, committed 61440K, reserved 1114112K
  class space    used 6300K, committed 6912K, reserved 1048576K
}
Event: 18.700 GC heap before
{Heap before GC invocations=693 (full 3):
 PSYoungGen      total 4608K, used 4224K [0x00000000d5580000, 0x00000000d5f00000, 0x0000000100000000)
  eden space 2048K, 100% used [0x00000000d5580000,0x00000000d5780000,0x00000000d5780000)
  from space 2560K, 85% used [0x00000000d5780000,0x00000000d59a0000,0x00000000d5a00000)
  to   space 3584K, 0% used [0x00000000d5b80000,0x00000000d5b80000,0x00000000d5f00000)
 ParOldGen       total 747520K, used 747248K [0x0000000080000000, 0x00000000ada00000, 0x00000000d5580000)
  object space 747520K, 99% used [0x0000000080000000,0x00000000ad9bc038,0x00000000ada00000)
 Metaspace       used 60005K, committed 61440K, reserved 1114112K
  class space    used 6300K, committed 6912K, reserved 1048576K
}
Event: 18.703 GC heap after
{Heap after GC invocations=693 (full 3):
 PSYoungGen      total 5120K, used 2211K [0x00000000d5580000, 0x00000000d5e00000, 0x0000000100000000)
  eden space 2560K, 0% used [0x00000000d5580000,0x00000000d5580000,0x00000000d5800000)
  from space 2560K, 86% used [0x00000000d5b80000,0x00000000d5da8ee8,0x00000000d5e00000)
  to   space 2560K, 0% used [0x00000000d5900000,0x00000000d5900000,0x00000000d5b80000)
 ParOldGen       total 749568K, used 749336K [0x0000000080000000, 0x00000000adc00000, 0x00000000d5580000)
  object space 749568K, 99% used [0x0000000080000000,0x00000000adbc6038,0x00000000adc00000)
 Metaspace       used 60005K, committed 61440K, reserved 1114112K
  class space    used 6300K, committed 6912K, reserved 1048576K
}
Event: 18.707 GC heap before
{Heap before GC invocations=694 (full 3):
 PSYoungGen      total 5120K, used 4736K [0x00000000d5580000, 0x00000000d5e00000, 0x0000000100000000)
  eden space 2560K, 98% used [0x00000000d5580000,0x00000000d57f7168,0x00000000d5800000)
  from space 2560K, 86% used [0x00000000d5b80000,0x00000000d5da8ee8,0x00000000d5e00000)
  to   space 2560K, 0% used [0x00000000d5900000,0x00000000d5900000,0x00000000d5b80000)
 ParOldGen       total 749568K, used 749336K [0x0000000080000000, 0x00000000adc00000, 0x00000000d5580000)
  object space 749568K, 99% used [0x0000000080000000,0x00000000adbc6038,0x00000000adc00000)
 Metaspace       used 60005K, committed 61440K, reserved 1114112K
  class space    used 6300K, committed 6912K, reserved 1048576K
}
Event: 18.709 GC heap after
{Heap after GC invocations=694 (full 3):
 PSYoungGen      total 4608K, used 1265K [0x00000000d5580000, 0x00000000d5c80000, 0x0000000100000000)
  eden space 3072K, 0% used [0x00000000d5580000,0x00000000d5580000,0x00000000d5880000)
  from space 1536K, 82% used [0x00000000d5900000,0x00000000d5a3c4b0,0x00000000d5a80000)
  to   space 2048K, 0% used [0x00000000d5a80000,0x00000000d5a80000,0x00000000d5c80000)
 ParOldGen       total 750592K, used 750490K [0x0000000080000000, 0x00000000add00000, 0x00000000d5580000)
  object space 750592K, 99% used [0x0000000080000000,0x00000000adce6838,0x00000000add00000)
 Metaspace       used 60005K, committed 61440K, reserved 1114112K
  class space    used 6300K, committed 6912K, reserved 1048576K
}
Event: 18.716 GC heap before
{Heap before GC invocations=695 (full 3):
 PSYoungGen      total 4608K, used 4337K [0x00000000d5580000, 0x00000000d5c80000, 0x0000000100000000)
  eden space 3072K, 100% used [0x00000000d5580000,0x00000000d5880000,0x00000000d5880000)
  from space 1536K, 82% used [0x00000000d5900000,0x00000000d5a3c4b0,0x00000000d5a80000)
  to   space 2048K, 0% used [0x00000000d5a80000,0x00000000d5a80000,0x00000000d5c80000)
 ParOldGen       total 750592K, used 750490K [0x0000000080000000, 0x00000000add00000, 0x00000000d5580000)
  object space 750592K, 99% used [0x0000000080000000,0x00000000adce6838,0x00000000add00000)
 Metaspace       used 60005K, committed 61440K, reserved 1114112K
  class space    used 6300K, committed 6912K, reserved 1048576K
}
Event: 18.719 GC heap after
{Heap after GC invocations=695 (full 3):
 PSYoungGen      total 2560K, used 2044K [0x00000000d5580000, 0x00000000d6380000, 0x0000000100000000)
  eden space 512K, 0% used [0x00000000d5580000,0x00000000d5580000,0x00000000d5600000)
  from space 2048K, 99% used [0x00000000d5a80000,0x00000000d5c7f350,0x00000000d5c80000)
  to   space 4608K, 0% used [0x00000000d5600000,0x00000000d5600000,0x00000000d5a80000)
 ParOldGen       total 753152K, used 752721K [0x0000000080000000, 0x00000000adf80000, 0x00000000d5580000)
  object space 753152K, 99% used [0x0000000080000000,0x00000000adf14510,0x00000000adf80000)
 Metaspace       used 60005K, committed 61440K, reserved 1114112K
  class space    used 6300K, committed 6912K, reserved 1048576K
}
Event: 18.720 GC heap before
{Heap before GC invocations=696 (full 3):
 PSYoungGen      total 2560K, used 2556K [0x00000000d5580000, 0x00000000d6380000, 0x0000000100000000)
  eden space 512K, 100% used [0x00000000d5580000,0x00000000d5600000,0x00000000d5600000)
  from space 2048K, 99% used [0x00000000d5a80000,0x00000000d5c7f350,0x00000000d5c80000)
  to   space 4608K, 0% used [0x00000000d5600000,0x00000000d5600000,0x00000000d5a80000)
 ParOldGen       total 753152K, used 752721K [0x0000000080000000, 0x00000000adf80000, 0x00000000d5580000)
  object space 753152K, 99% used [0x0000000080000000,0x00000000adf14510,0x00000000adf80000)
 Metaspace       used 60005K, committed 61440K, reserved 1114112K
  class space    used 6300K, committed 6912K, reserved 1048576K
}
Event: 18.723 GC heap after
{Heap after GC invocations=696 (full 3):
 PSYoungGen      total 1536K, used 697K [0x00000000d5580000, 0x00000000d5b00000, 0x0000000100000000)
  eden space 512K, 0% used [0x00000000d5580000,0x00000000d5580000,0x00000000d5600000)
  from space 1024K, 68% used [0x00000000d5600000,0x00000000d56ae430,0x00000000d5700000)
  to   space 2048K, 0% used [0x00000000d5900000,0x00000000d5900000,0x00000000d5b00000)
 ParOldGen       total 755200K, used 754844K [0x0000000080000000, 0x00000000ae180000, 0x00000000d5580000)
  object space 755200K, 99% used [0x0000000080000000,0x00000000ae1273a8,0x00000000ae180000)
 Metaspace       used 60005K, committed 61440K, reserved 1114112K
  class space    used 6300K, committed 6912K, reserved 1048576K
}
Event: 18.724 GC heap before
{Heap before GC invocations=697 (full 3):
 PSYoungGen      total 1536K, used 1209K [0x00000000d5580000, 0x00000000d5b00000, 0x0000000100000000)
  eden space 512K, 100% used [0x00000000d5580000,0x00000000d5600000,0x00000000d5600000)
  from space 1024K, 68% used [0x00000000d5600000,0x00000000d56ae430,0x00000000d5700000)
  to   space 2048K, 0% used [0x00000000d5900000,0x00000000d5900000,0x00000000d5b00000)
 ParOldGen       total 755200K, used 754844K [0x0000000080000000, 0x00000000ae180000, 0x00000000d5580000)
  object space 755200K, 99% used [0x0000000080000000,0x00000000ae1273a8,0x00000000ae180000)
 Metaspace       used 60005K, committed 61440K, reserved 1114112K
  class space    used 6300K, committed 6912K, reserved 1048576K
}
Event: 18.725 GC heap after
{Heap after GC invocations=697 (full 3):
 PSYoungGen      total 2048K, used 640K [0x00000000d5580000, 0x00000000d5a00000, 0x0000000100000000)
  eden space 1024K, 0% used [0x00000000d5580000,0x00000000d5580000,0x00000000d5680000)
  from space 1024K, 62% used [0x00000000d5900000,0x00000000d59a0000,0x00000000d5a00000)
  to   space 1024K, 0% used [0x00000000d5800000,0x00000000d5800000,0x00000000d5900000)
 ParOldGen       total 755712K, used 755381K [0x0000000080000000, 0x00000000ae200000, 0x00000000d5580000)
  object space 755712K, 99% used [0x0000000080000000,0x00000000ae1ad7d8,0x00000000ae200000)
 Metaspace       used 60005K, committed 61440K, reserved 1114112K
  class space    used 6300K, committed 6912K, reserved 1048576K
}
Event: 18.726 GC heap before
{Heap before GC invocations=698 (full 3):
 PSYoungGen      total 2048K, used 1419K [0x00000000d5580000, 0x00000000d5a00000, 0x0000000100000000)
  eden space 1024K, 76% used [0x00000000d5580000,0x00000000d5642cf0,0x00000000d5680000)
  from space 1024K, 62% used [0x00000000d5900000,0x00000000d59a0000,0x00000000d5a00000)
  to   space 1024K, 0% used [0x00000000d5800000,0x00000000d5800000,0x00000000d5900000)
 ParOldGen       total 755712K, used 755381K [0x0000000080000000, 0x00000000ae200000, 0x00000000d5580000)
  object space 755712K, 99% used [0x0000000080000000,0x00000000ae1ad7d8,0x00000000ae200000)
 Metaspace       used 60005K, committed 61440K, reserved 1114112K
  class space    used 6300K, committed 6912K, reserved 1048576K
}
Event: 18.729 GC heap after
{Heap after GC invocations=698 (full 3):
 PSYoungGen      total 2560K, used 912K [0x00000000d5580000, 0x00000000d5980000, 0x0000000100000000)
  eden space 1536K, 0% used [0x00000000d5580000,0x00000000d5580000,0x00000000d5700000)
  from space 1024K, 89% used [0x00000000d5800000,0x00000000d58e4138,0x00000000d5900000)
  to   space 512K, 0% used [0x00000000d5900000,0x00000000d5900000,0x00000000d5980000)
 ParOldGen       total 756224K, used 755901K [0x0000000080000000, 0x00000000ae280000, 0x00000000d5580000)
  object space 756224K, 99% used [0x0000000080000000,0x00000000ae22f7d8,0x00000000ae280000)
 Metaspace       used 60005K, committed 61440K, reserved 1114112K
  class space    used 6300K, committed 6912K, reserved 1048576K
}
Event: 18.738 GC heap before
{Heap before GC invocations=699 (full 3):
 PSYoungGen      total 2560K, used 2448K [0x00000000d5580000, 0x00000000d5980000, 0x0000000100000000)
  eden space 1536K, 100% used [0x00000000d5580000,0x00000000d5700000,0x00000000d5700000)
  from space 1024K, 89% used [0x00000000d5800000,0x00000000d58e4138,0x00000000d5900000)
  to   space 512K, 0% used [0x00000000d5900000,0x00000000d5900000,0x00000000d5980000)
 ParOldGen       total 756224K, used 755901K [0x0000000080000000, 0x00000000ae280000, 0x00000000d5580000)
  object space 756224K, 99% used [0x0000000080000000,0x00000000ae22f7d8,0x00000000ae280000)
 Metaspace       used 60005K, committed 61440K, reserved 1114112K
  class space    used 6300K, committed 6912K, reserved 1048576K
}
Event: 18.740 GC heap after
{Heap after GC invocations=699 (full 3):
 PSYoungGen      total 2048K, used 486K [0x00000000d5580000, 0x00000000d5b80000, 0x0000000100000000)
  eden space 1536K, 0% used [0x00000000d5580000,0x00000000d5580000,0x00000000d5700000)
  from space 512K, 95% used [0x00000000d5900000,0x00000000d5979be0,0x00000000d5980000)
  to   space 2048K, 0% used [0x00000000d5700000,0x00000000d5700000,0x00000000d5900000)
 ParOldGen       total 757248K, used 756973K [0x0000000080000000, 0x00000000ae380000, 0x00000000d5580000)
  object space 757248K, 99% used [0x0000000080000000,0x00000000ae33b7e8,0x00000000ae380000)
 Metaspace       used 60005K, committed 61440K, reserved 1114112K
  class space    used 6300K, committed 6912K, reserved 1048576K
}
Event: 18.758 GC heap before
{Heap before GC invocations=700 (full 3):
 PSYoungGen      total 2048K, used 2022K [0x00000000d5580000, 0x00000000d5b80000, 0x0000000100000000)
  eden space 1536K, 100% used [0x00000000d5580000,0x00000000d5700000,0x00000000d5700000)
  from space 512K, 95% used [0x00000000d5900000,0x00000000d5979be0,0x00000000d5980000)
  to   space 2048K, 0% used [0x00000000d5700000,0x00000000d5700000,0x00000000d5900000)
 ParOldGen       total 757248K, used 756973K [0x0000000080000000, 0x00000000ae380000, 0x00000000d5580000)
  object space 757248K, 99% used [0x0000000080000000,0x00000000ae33b7e8,0x00000000ae380000)
 Metaspace       used 60005K, committed 61440K, reserved 1114112K
  class space    used 6300K, committed 6912K, reserved 1048576K
}
Event: 18.760 GC heap after
{Heap after GC invocations=700 (full 3):
 PSYoungGen      total 3584K, used 1152K [0x00000000d5580000, 0x00000000d5a80000, 0x0000000100000000)
  eden space 1536K, 0% used [0x00000000d5580000,0x00000000d5580000,0x00000000d5700000)
  from space 2048K, 56% used [0x00000000d5700000,0x00000000d5820018,0x00000000d5900000)
  to   space 1536K, 0% used [0x00000000d5900000,0x00000000d5900000,0x00000000d5a80000)
 ParOldGen       total 757760K, used 757388K [0x0000000080000000, 0x00000000ae400000, 0x00000000d5580000)
  object space 757760K, 99% used [0x0000000080000000,0x00000000ae3a33c8,0x00000000ae400000)
 Metaspace       used 60005K, committed 61440K, reserved 1114112K
  class space    used 6300K, committed 6912K, reserved 1048576K
}

Dll operation events (10 events):
Event: 0.007 Loaded shared library c:\Users\PMLS\.vscode\extensions\redhat.java-1.43.1-win32-x64\jre\21.0.7-win32-x86_64\bin\java.dll
Event: 0.045 Loaded shared library c:\Users\PMLS\.vscode\extensions\redhat.java-1.43.1-win32-x64\jre\21.0.7-win32-x86_64\bin\zip.dll
Event: 0.058 Loaded shared library C:\Users\PMLS\.vscode\extensions\redhat.java-1.43.1-win32-x64\jre\21.0.7-win32-x86_64\bin\instrument.dll
Event: 0.060 Loaded shared library C:\Users\PMLS\.vscode\extensions\redhat.java-1.43.1-win32-x64\jre\21.0.7-win32-x86_64\bin\net.dll
Event: 0.061 Loaded shared library C:\Users\PMLS\.vscode\extensions\redhat.java-1.43.1-win32-x64\jre\21.0.7-win32-x86_64\bin\nio.dll
Event: 0.063 Loaded shared library C:\Users\PMLS\.vscode\extensions\redhat.java-1.43.1-win32-x64\jre\21.0.7-win32-x86_64\bin\zip.dll
Event: 0.074 Loaded shared library C:\Users\PMLS\.vscode\extensions\redhat.java-1.43.1-win32-x64\jre\21.0.7-win32-x86_64\bin\jimage.dll
Event: 0.114 Loaded shared library c:\Users\PMLS\.vscode\extensions\redhat.java-1.43.1-win32-x64\jre\21.0.7-win32-x86_64\bin\verify.dll
Event: 0.839 Loaded shared library C:\Users\PMLS\AppData\Roaming\Code\User\globalStorage\redhat.java\1.43.1\config_win\org.eclipse.equinox.launcher\org.eclipse.equinox.launcher.win32.win32.x86_64_1.2.1300.v20250331-1702\eclipse_11911.dll
Event: 1.811 Loaded shared library C:\Users\PMLS\AppData\Local\Temp\jna-76263555\jna13757813242840234951.dll

Deoptimization events (20 events):
Event: 18.654 Thread 0x00000165f2ada0f0 Uncommon trap: trap_request=0xffffff45 fr.pc=0x00000165e03cb30c relative=0x0000000000000d2c
Event: 18.654 Thread 0x00000165f2ada0f0 Uncommon trap: reason=unstable_if action=reinterpret pc=0x00000165e03cb30c method=org.eclipse.jdt.internal.core.util.Util.isJavaLikeFileName(Ljava/lang/String;)Z @ 11 c2
Event: 18.654 Thread 0x00000165f2ada0f0 DEOPT PACKING pc=0x00000165e03cb30c sp=0x00000047e24ff210
Event: 18.654 Thread 0x00000165f2ada0f0 DEOPT UNPACKING pc=0x00000165df793aa2 sp=0x00000047e24ff188 mode 2
Event: 18.655 Thread 0x00000165f2ada0f0 Uncommon trap: trap_request=0xffffff45 fr.pc=0x00000165dff7ff18 relative=0x0000000000001658
Event: 18.655 Thread 0x00000165f2ada0f0 Uncommon trap: reason=unstable_if action=reinterpret pc=0x00000165dff7ff18 method=org.eclipse.jdt.internal.compiler.util.HashtableOfObject.get([C)Ljava/lang/Object; @ 37 c2
Event: 18.655 Thread 0x00000165f2ada0f0 DEOPT PACKING pc=0x00000165dff7ff18 sp=0x00000047e24fec20
Event: 18.655 Thread 0x00000165f2ada0f0 DEOPT UNPACKING pc=0x00000165df793aa2 sp=0x00000047e24feb48 mode 2
Event: 18.655 Thread 0x00000165f2ada0f0 Uncommon trap: trap_request=0xffffffde fr.pc=0x00000165e02f4d04 relative=0x0000000000001ac4
Event: 18.655 Thread 0x00000165f2ada0f0 Uncommon trap: reason=class_check action=maybe_recompile pc=0x00000165e02f4d04 method=org.eclipse.jdt.internal.core.search.indexing.AbstractIndexer.addConstructorReference([CI)V @ 9 c2
Event: 18.655 Thread 0x00000165f2ada0f0 DEOPT PACKING pc=0x00000165e02f4d04 sp=0x00000047e24feca0
Event: 18.655 Thread 0x00000165f2ada0f0 DEOPT UNPACKING pc=0x00000165df793aa2 sp=0x00000047e24feca8 mode 2
Event: 18.655 Thread 0x00000165f2ada0f0 Uncommon trap: trap_request=0xffffff45 fr.pc=0x00000165e005be2c relative=0x000000000000168c
Event: 18.655 Thread 0x00000165f2ada0f0 Uncommon trap: reason=unstable_if action=reinterpret pc=0x00000165e005be2c method=org.eclipse.jdt.internal.core.search.matching.MethodDeclarationPattern.createDeclarationIndexKey([C[C[CI[C[[C[[C[CI[CII)[C @ 43 c2
Event: 18.655 Thread 0x00000165f2ada0f0 DEOPT PACKING pc=0x00000165e005be2c sp=0x00000047e24febf0
Event: 18.655 Thread 0x00000165f2ada0f0 DEOPT UNPACKING pc=0x00000165df793aa2 sp=0x00000047e24feb60 mode 2
Event: 18.699 Thread 0x00000165f2ada0f0 DEOPT PACKING pc=0x00000165d95a8a1c sp=0x00000047e24ff030
Event: 18.699 Thread 0x00000165f2ada0f0 DEOPT UNPACKING pc=0x00000165df794242 sp=0x00000047e24fe5a8 mode 0
Event: 18.720 Thread 0x00000165f2ada0f0 DEOPT PACKING pc=0x00000165d95a8a1c sp=0x00000047e24fef80
Event: 18.720 Thread 0x00000165f2ada0f0 DEOPT UNPACKING pc=0x00000165df794242 sp=0x00000047e24fe4f8 mode 0

Classes loaded (20 events):
Event: 8.038 Loading class java/util/Hashtable$KeySet
Event: 8.038 Loading class java/util/Hashtable$KeySet done
Event: 8.222 Loading class java/lang/invoke/MethodHandleImpl$CountingWrapper$1
Event: 8.222 Loading class java/lang/invoke/MethodHandleImpl$CountingWrapper$1 done
Event: 8.679 Loading class sun/nio/fs/WindowsFileCopy
Event: 8.679 Loading class sun/nio/fs/WindowsFileCopy done
Event: 9.015 Loading class java/util/stream/ReduceOps$5
Event: 9.015 Loading class java/util/stream/ReduceOps$5 done
Event: 9.015 Loading class java/util/stream/ReduceOps$CountingSink$OfRef
Event: 9.016 Loading class java/util/stream/ReduceOps$CountingSink
Event: 9.016 Loading class java/util/stream/ReduceOps$CountingSink done
Event: 9.016 Loading class java/util/stream/ReduceOps$CountingSink$OfRef done
Event: 9.049 Loading class java/util/stream/ReduceOps$1
Event: 9.049 Loading class java/util/stream/ReduceOps$1 done
Event: 9.049 Loading class java/util/stream/ReduceOps$1ReducingSink
Event: 9.049 Loading class java/util/stream/ReduceOps$1ReducingSink done
Event: 11.996 Loading class java/util/concurrent/CompletableFuture$UniApply
Event: 11.996 Loading class java/util/concurrent/CompletableFuture$UniApply done
Event: 11.997 Loading class java/util/concurrent/CompletableFuture$UniExceptionally
Event: 11.997 Loading class java/util/concurrent/CompletableFuture$UniExceptionally done

Classes unloaded (9 events):
Event: 2.174 Thread 0x00000165d50cfb70 Unloading class 0x00000165811a5000 'java/lang/invoke/LambdaForm$MH+0x00000165811a5000'
Event: 2.174 Thread 0x00000165d50cfb70 Unloading class 0x00000165811a4c00 'java/lang/invoke/LambdaForm$MH+0x00000165811a4c00'
Event: 2.174 Thread 0x00000165d50cfb70 Unloading class 0x00000165811a4800 'java/lang/invoke/LambdaForm$MH+0x00000165811a4800'
Event: 2.174 Thread 0x00000165d50cfb70 Unloading class 0x00000165811a4400 'java/lang/invoke/LambdaForm$MH+0x00000165811a4400'
Event: 2.174 Thread 0x00000165d50cfb70 Unloading class 0x00000165811a4000 'java/lang/invoke/LambdaForm$BMH+0x00000165811a4000'
Event: 2.174 Thread 0x00000165d50cfb70 Unloading class 0x00000165811a3c00 'java/lang/invoke/LambdaForm$DMH+0x00000165811a3c00'
Event: 2.174 Thread 0x00000165d50cfb70 Unloading class 0x00000165811a2800 'java/lang/invoke/LambdaForm$DMH+0x00000165811a2800'
Event: 7.873 Thread 0x00000165d50cfb70 Unloading class 0x0000016581651000 'java/lang/invoke/LambdaForm$DMH+0x0000016581651000'
Event: 7.873 Thread 0x00000165d50cfb70 Unloading class 0x0000016581650c00 'java/lang/invoke/LambdaForm$DMH+0x0000016581650c00'

Classes redefined (0 events):
No events

Internal exceptions (20 events):
Event: 17.968 Thread 0x00000165f2ada0f0 Exception <a 'sun/nio/fs/WindowsException'{0x00000000d5a41f40}> (0x00000000d5a41f40) 
thrown [s\src\hotspot\share\prims\jni.cpp, line 520]
Event: 18.012 Thread 0x00000165f2ada0f0 Exception <a 'sun/nio/fs/WindowsException'{0x00000000d56b76e8}> (0x00000000d56b76e8) 
thrown [s\src\hotspot\share\prims\jni.cpp, line 520]
Event: 18.026 Thread 0x00000165f2ada0f0 Exception <a 'sun/nio/fs/WindowsException'{0x00000000d57230c0}> (0x00000000d57230c0) 
thrown [s\src\hotspot\share\prims\jni.cpp, line 520]
Event: 18.050 Thread 0x00000165f2ada0f0 Exception <a 'sun/nio/fs/WindowsException'{0x00000000d5be27e8}> (0x00000000d5be27e8) 
thrown [s\src\hotspot\share\prims\jni.cpp, line 520]
Event: 18.061 Thread 0x00000165f2ada0f0 Exception <a 'sun/nio/fs/WindowsException'{0x00000000d558fd80}> (0x00000000d558fd80) 
thrown [s\src\hotspot\share\prims\jni.cpp, line 520]
Event: 18.115 Thread 0x00000165f2ada0f0 Exception <a 'sun/nio/fs/WindowsException'{0x00000000d57a8118}> (0x00000000d57a8118) 
thrown [s\src\hotspot\share\prims\jni.cpp, line 520]
Event: 18.151 Thread 0x00000165f2ada0f0 Exception <a 'sun/nio/fs/WindowsException'{0x00000000d5b53a50}> (0x00000000d5b53a50) 
thrown [s\src\hotspot\share\prims\jni.cpp, line 520]
Event: 18.185 Thread 0x00000165f2ada0f0 Exception <a 'sun/nio/fs/WindowsException'{0x00000000d575fe78}> (0x00000000d575fe78) 
thrown [s\src\hotspot\share\prims\jni.cpp, line 520]
Event: 18.254 Thread 0x00000165f2ada0f0 Exception <a 'sun/nio/fs/WindowsException'{0x00000000d567d578}> (0x00000000d567d578) 
thrown [s\src\hotspot\share\prims\jni.cpp, line 520]
Event: 18.278 Thread 0x00000165f2ada0f0 Exception <a 'sun/nio/fs/WindowsException'{0x00000000d5a15878}> (0x00000000d5a15878) 
thrown [s\src\hotspot\share\prims\jni.cpp, line 520]
Event: 18.298 Thread 0x00000165f2ada0f0 Exception <a 'sun/nio/fs/WindowsException'{0x00000000d5bd56a8}> (0x00000000d5bd56a8) 
thrown [s\src\hotspot\share\prims\jni.cpp, line 520]
Event: 18.317 Thread 0x00000165f2ada0f0 Exception <a 'sun/nio/fs/WindowsException'{0x00000000d55b45c8}> (0x00000000d55b45c8) 
thrown [s\src\hotspot\share\prims\jni.cpp, line 520]
Event: 18.334 Thread 0x00000165f2ada0f0 Exception <a 'sun/nio/fs/WindowsException'{0x00000000d56db8e8}> (0x00000000d56db8e8) 
thrown [s\src\hotspot\share\prims\jni.cpp, line 520]
Event: 18.349 Thread 0x00000165f2ada0f0 Exception <a 'sun/nio/fs/WindowsException'{0x00000000d577e058}> (0x00000000d577e058) 
thrown [s\src\hotspot\share\prims\jni.cpp, line 520]
Event: 18.493 Thread 0x00000165f2ada0f0 Exception <a 'sun/nio/fs/WindowsException'{0x00000000d56d8128}> (0x00000000d56d8128) 
thrown [s\src\hotspot\share\prims\jni.cpp, line 520]
Event: 18.511 Thread 0x00000165f2ada0f0 Exception <a 'sun/nio/fs/WindowsException'{0x00000000d57ac098}> (0x00000000d57ac098) 
thrown [s\src\hotspot\share\prims\jni.cpp, line 520]
Event: 18.603 Thread 0x00000165f2ada0f0 Exception <a 'sun/nio/fs/WindowsException'{0x00000000d5765f68}> (0x00000000d5765f68) 
thrown [s\src\hotspot\share\prims\jni.cpp, line 520]
Event: 18.638 Thread 0x00000165f2ada0f0 Exception <a 'sun/nio/fs/WindowsException'{0x00000000d58e0608}> (0x00000000d58e0608) 
thrown [s\src\hotspot\share\prims\jni.cpp, line 520]
Event: 18.654 Thread 0x00000165f2ada0f0 Implicit null exception at 0x00000165e02b52b9 to 0x00000165e02b6c88
Event: 18.658 Thread 0x00000165f2ada0f0 Exception <a 'sun/nio/fs/WindowsException'{0x00000000d59705b0}> (0x00000000d59705b0) 
thrown [s\src\hotspot\share\prims\jni.cpp, line 520]

ZGC Phase Switch (0 events):
No events

VM Operations (20 events):
Event: 18.682 Executing VM operation: ParallelGCFailedAllocation (Allocation Failure)
Event: 18.686 Executing VM operation: ParallelGCFailedAllocation (Allocation Failure) done
Event: 18.691 Executing VM operation: ParallelGCFailedAllocation (Allocation Failure)
Event: 18.695 Executing VM operation: ParallelGCFailedAllocation (Allocation Failure) done
Event: 18.700 Executing VM operation: ParallelGCFailedAllocation (Allocation Failure)
Event: 18.703 Executing VM operation: ParallelGCFailedAllocation (Allocation Failure) done
Event: 18.707 Executing VM operation: ParallelGCFailedAllocation (Allocation Failure)
Event: 18.709 Executing VM operation: ParallelGCFailedAllocation (Allocation Failure) done
Event: 18.716 Executing VM operation: ParallelGCFailedAllocation (Allocation Failure)
Event: 18.719 Executing VM operation: ParallelGCFailedAllocation (Allocation Failure) done
Event: 18.720 Executing VM operation: ParallelGCFailedAllocation (Allocation Failure)
Event: 18.723 Executing VM operation: ParallelGCFailedAllocation (Allocation Failure) done
Event: 18.724 Executing VM operation: ParallelGCFailedAllocation (Allocation Failure)
Event: 18.725 Executing VM operation: ParallelGCFailedAllocation (Allocation Failure) done
Event: 18.726 Executing VM operation: ParallelGCFailedAllocation (Allocation Failure)
Event: 18.729 Executing VM operation: ParallelGCFailedAllocation (Allocation Failure) done
Event: 18.738 Executing VM operation: ParallelGCFailedAllocation (Allocation Failure)
Event: 18.740 Executing VM operation: ParallelGCFailedAllocation (Allocation Failure) done
Event: 18.758 Executing VM operation: ParallelGCFailedAllocation (Allocation Failure)
Event: 18.760 Executing VM operation: ParallelGCFailedAllocation (Allocation Failure) done

Memory protections (0 events):
No events

Nmethod flushes (20 events):
Event: 7.887 Thread 0x00000165d50cfb70 flushing  nmethod 0x00000165d8b45c90
Event: 7.887 Thread 0x00000165d50cfb70 flushing  nmethod 0x00000165d8b47790
Event: 7.887 Thread 0x00000165d50cfb70 flushing  nmethod 0x00000165d8b51d90
Event: 7.887 Thread 0x00000165d50cfb70 flushing  nmethod 0x00000165d8b58790
Event: 7.887 Thread 0x00000165d50cfb70 flushing  nmethod 0x00000165d8b59f10
Event: 7.887 Thread 0x00000165d50cfb70 flushing  nmethod 0x00000165d8b5a310
Event: 7.887 Thread 0x00000165d50cfb70 flushing  nmethod 0x00000165d8b5a690
Event: 7.887 Thread 0x00000165d50cfb70 flushing  nmethod 0x00000165d8b5b310
Event: 7.887 Thread 0x00000165d50cfb70 flushing  nmethod 0x00000165d8b5ba10
Event: 7.887 Thread 0x00000165d50cfb70 flushing  nmethod 0x00000165d8b5c590
Event: 7.887 Thread 0x00000165d50cfb70 flushing  nmethod 0x00000165d8b5ce10
Event: 7.887 Thread 0x00000165d50cfb70 flushing  nmethod 0x00000165d8b5e990
Event: 7.887 Thread 0x00000165d50cfb70 flushing  nmethod 0x00000165d8b5f790
Event: 7.887 Thread 0x00000165d50cfb70 flushing  nmethod 0x00000165d8b5fd10
Event: 7.887 Thread 0x00000165d50cfb70 flushing  nmethod 0x00000165d8b60090
Event: 7.887 Thread 0x00000165d50cfb70 flushing  nmethod 0x00000165d8b60e10
Event: 7.887 Thread 0x00000165d50cfb70 flushing  nmethod 0x00000165d8b61510
Event: 7.887 Thread 0x00000165d50cfb70 flushing  nmethod 0x00000165d8b61c10
Event: 7.887 Thread 0x00000165d50cfb70 flushing  nmethod 0x00000165d8b62110
Event: 7.887 Thread 0x00000165d50cfb70 flushing  nmethod 0x00000165d8b62510

Events (20 events):
Event: 7.433 Thread 0x00000165f2ba6bd0 Thread exited: 0x00000165f2ba6bd0
Event: 8.100 Thread 0x00000165f2ad86b0 Thread added: 0x00000165f2ba5190
Event: 9.704 Thread 0x00000165edd4e910 Thread exited: 0x00000165edd4e910
Event: 10.928 Thread 0x00000165edad8510 Thread exited: 0x00000165edad8510
Event: 11.997 Thread 0x00000165f2e625f0 Thread added: 0x00000165f2bac120
Event: 11.997 Thread 0x00000165f2adb4a0 Thread added: 0x00000165f2bac7b0
Event: 11.997 Thread 0x00000165f2adb4a0 Thread added: 0x00000165f2ba6bd0
Event: 11.998 Thread 0x00000165f2e625f0 Thread added: 0x00000165fe812350
Event: 11.998 Thread 0x00000165f2bac7b0 Thread added: 0x00000165fe80eed0
Event: 11.998 Thread 0x00000165fe812350 Thread added: 0x00000165fe80e840
Event: 11.999 Thread 0x00000165f2ba6bd0 Thread added: 0x00000165fe80c770
Event: 11.999 Thread 0x00000165fe80eed0 Thread added: 0x00000165fe810910
Event: 12.000 Thread 0x00000165fe80e840 Thread added: 0x00000165fe80f560
Event: 12.000 Thread 0x00000165fe80c770 Thread added: 0x00000165fe80fbf0
Event: 12.001 Thread 0x00000165fe80f560 Thread added: 0x00000165fe80db20
Event: 12.032 Thread 0x00000165ed9b1040 Thread added: 0x00000165fec1dec0
Event: 12.268 Thread 0x00000165fec1dec0 Thread exited: 0x00000165fec1dec0
Event: 12.530 Thread 0x00000165ebabd970 Thread added: 0x00000165fec1d120
Event: 13.103 Thread 0x00000165f2ba5190 Thread exited: 0x00000165f2ba5190
Event: 13.200 Thread 0x00000165fec1d120 Thread exited: 0x00000165fec1d120


Dynamic libraries:
0x00007ff79f750000 - 0x00007ff79f75e000 	c:\Users\PMLS\.vscode\extensions\redhat.java-1.43.1-win32-x64\jre\21.0.7-win32-x86_64\bin\java.exe
0x00007ff833b50000 - 0x00007ff833d48000 	C:\Windows\SYSTEM32\ntdll.dll
0x00007ff8325c0000 - 0x00007ff832682000 	C:\Windows\System32\KERNEL32.DLL
0x00007ff831680000 - 0x00007ff831976000 	C:\Windows\System32\KERNELBASE.dll
0x00007ff831a40000 - 0x00007ff831b40000 	C:\Windows\System32\ucrtbase.dll
0x00007ff800430000 - 0x00007ff800448000 	c:\Users\PMLS\.vscode\extensions\redhat.java-1.43.1-win32-x64\jre\21.0.7-win32-x86_64\bin\jli.dll
0x00007ff8002f0000 - 0x00007ff80030e000 	c:\Users\PMLS\.vscode\extensions\redhat.java-1.43.1-win32-x64\jre\21.0.7-win32-x86_64\bin\VCRUNTIME140.dll
0x00007ff832b60000 - 0x00007ff832cfd000 	C:\Windows\System32\USER32.dll
0x00007ff831b40000 - 0x00007ff831b62000 	C:\Windows\System32\win32u.dll
0x00007ff819bf0000 - 0x00007ff819e8a000 	C:\Windows\WinSxS\amd64_microsoft.windows.common-controls_6595b64144ccf1df_6.0.19041.5915_none_60b4b9d171f9c7c7\COMCTL32.dll
0x00007ff832590000 - 0x00007ff8325bb000 	C:\Windows\System32\GDI32.dll
0x00007ff8311e0000 - 0x00007ff8312f9000 	C:\Windows\System32\gdi32full.dll
0x00007ff8334f0000 - 0x00007ff83358e000 	C:\Windows\System32\msvcrt.dll
0x00007ff8313b0000 - 0x00007ff83144d000 	C:\Windows\System32\msvcp_win.dll
0x00007ff832200000 - 0x00007ff83222f000 	C:\Windows\System32\IMM32.DLL
0x00007ff826460000 - 0x00007ff82646c000 	c:\Users\PMLS\.vscode\extensions\redhat.java-1.43.1-win32-x64\jre\21.0.7-win32-x86_64\bin\vcruntime140_1.dll
0x00007ffff9160000 - 0x00007ffff91ed000 	c:\Users\PMLS\.vscode\extensions\redhat.java-1.43.1-win32-x64\jre\21.0.7-win32-x86_64\bin\msvcp140.dll
0x00007fffa5fb0000 - 0x00007fffa6d40000 	c:\Users\PMLS\.vscode\extensions\redhat.java-1.43.1-win32-x64\jre\21.0.7-win32-x86_64\bin\server\jvm.dll
0x00007ff833a50000 - 0x00007ff833b01000 	C:\Windows\System32\ADVAPI32.dll
0x00007ff833590000 - 0x00007ff83362f000 	C:\Windows\System32\sechost.dll
0x00007ff832690000 - 0x00007ff8327b3000 	C:\Windows\System32\RPCRT4.dll
0x00007ff831980000 - 0x00007ff8319a7000 	C:\Windows\System32\bcrypt.dll
0x00007ff8328e0000 - 0x00007ff83294b000 	C:\Windows\System32\WS2_32.dll
0x00007ff830f90000 - 0x00007ff830fdb000 	C:\Windows\SYSTEM32\POWRPROF.dll
0x00007ff8235e0000 - 0x00007ff823607000 	C:\Windows\SYSTEM32\WINMM.dll
0x00007ff817ec0000 - 0x00007ff817eca000 	C:\Windows\SYSTEM32\VERSION.dll
0x00007ff830f00000 - 0x00007ff830f12000 	C:\Windows\SYSTEM32\UMPDC.dll
0x00007ff82f050000 - 0x00007ff82f062000 	C:\Windows\SYSTEM32\kernel.appcore.dll
0x00007ff823410000 - 0x00007ff82341a000 	c:\Users\PMLS\.vscode\extensions\redhat.java-1.43.1-win32-x64\jre\21.0.7-win32-x86_64\bin\jimage.dll
0x00007ff82e910000 - 0x00007ff82eb11000 	C:\Windows\SYSTEM32\DBGHELP.DLL
0x00007ff81a210000 - 0x00007ff81a244000 	C:\Windows\SYSTEM32\dbgcore.DLL
0x00007ff8319b0000 - 0x00007ff831a32000 	C:\Windows\System32\bcryptPrimitives.dll
0x00007ff81dc80000 - 0x00007ff81dc8f000 	c:\Users\PMLS\.vscode\extensions\redhat.java-1.43.1-win32-x64\jre\21.0.7-win32-x86_64\bin\instrument.dll
0x00007ff800220000 - 0x00007ff80023f000 	c:\Users\PMLS\.vscode\extensions\redhat.java-1.43.1-win32-x64\jre\21.0.7-win32-x86_64\bin\java.dll
0x00007ff832d00000 - 0x00007ff83346e000 	C:\Windows\System32\SHELL32.dll
0x00007ff82f220000 - 0x00007ff82f9c4000 	C:\Windows\SYSTEM32\windows.storage.dll
0x00007ff832230000 - 0x00007ff832583000 	C:\Windows\System32\combase.dll
0x00007ff830a60000 - 0x00007ff830a8b000 	C:\Windows\SYSTEM32\Wldp.dll
0x00007ff832a80000 - 0x00007ff832b4d000 	C:\Windows\System32\OLEAUT32.dll
0x00007ff832150000 - 0x00007ff8321fd000 	C:\Windows\System32\SHCORE.dll
0x00007ff832040000 - 0x00007ff83209b000 	C:\Windows\System32\shlwapi.dll
0x00007ff831110000 - 0x00007ff831134000 	C:\Windows\SYSTEM32\profapi.dll
0x00007ff8001d0000 - 0x00007ff8001e8000 	c:\Users\PMLS\.vscode\extensions\redhat.java-1.43.1-win32-x64\jre\21.0.7-win32-x86_64\bin\zip.dll
0x00007ff81d470000 - 0x00007ff81d480000 	C:\Users\PMLS\.vscode\extensions\redhat.java-1.43.1-win32-x64\jre\21.0.7-win32-x86_64\bin\net.dll
0x00007ff829370000 - 0x00007ff82947a000 	C:\Windows\SYSTEM32\WINHTTP.dll
0x00007ff830840000 - 0x00007ff8308aa000 	C:\Windows\system32\mswsock.dll
0x00007ff8001b0000 - 0x00007ff8001c6000 	C:\Users\PMLS\.vscode\extensions\redhat.java-1.43.1-win32-x64\jre\21.0.7-win32-x86_64\bin\nio.dll
0x00007ff816ab0000 - 0x00007ff816ac0000 	c:\Users\PMLS\.vscode\extensions\redhat.java-1.43.1-win32-x64\jre\21.0.7-win32-x86_64\bin\verify.dll
0x00007ff826550000 - 0x00007ff826595000 	C:\Users\PMLS\AppData\Roaming\Code\User\globalStorage\redhat.java\1.43.1\config_win\org.eclipse.equinox.launcher\org.eclipse.equinox.launcher.win32.win32.x86_64_1.2.1300.v20250331-1702\eclipse_11911.dll
0x00007ff832950000 - 0x00007ff832a7b000 	C:\Windows\System32\ole32.dll
0x00007ff830aa0000 - 0x00007ff830ab8000 	C:\Windows\SYSTEM32\CRYPTSP.dll
0x00007ff830180000 - 0x00007ff8301b8000 	C:\Windows\system32\rsaenh.dll
0x00007ff831090000 - 0x00007ff8310be000 	C:\Windows\SYSTEM32\USERENV.dll
0x00007ff8309d0000 - 0x00007ff8309dc000 	C:\Windows\SYSTEM32\CRYPTBASE.dll
0x00007ff830540000 - 0x00007ff83057b000 	C:\Windows\SYSTEM32\IPHLPAPI.DLL
0x00007ff8339c0000 - 0x00007ff8339c8000 	C:\Windows\System32\NSI.dll
0x00007ff800140000 - 0x00007ff800189000 	C:\Users\PMLS\AppData\Local\Temp\jna-76263555\jna13757813242840234951.dll
0x00007ff8338d0000 - 0x00007ff8338d8000 	C:\Windows\System32\PSAPI.DLL
0x00007ff826440000 - 0x00007ff826457000 	C:\Windows\SYSTEM32\dhcpcsvc6.DLL
0x00007ff827140000 - 0x00007ff82715d000 	C:\Windows\SYSTEM32\dhcpcsvc.DLL

dbghelp: loaded successfully - version: 4.0.5 - missing functions: none
symbol engine: initialized successfully - sym options: 0x614 - pdb path: .;c:\Users\PMLS\.vscode\extensions\redhat.java-1.43.1-win32-x64\jre\21.0.7-win32-x86_64\bin;C:\Windows\SYSTEM32;C:\Windows\WinSxS\amd64_microsoft.windows.common-controls_6595b64144ccf1df_6.0.19041.5915_none_60b4b9d171f9c7c7;c:\Users\PMLS\.vscode\extensions\redhat.java-1.43.1-win32-x64\jre\21.0.7-win32-x86_64\bin\server;C:\Users\PMLS\AppData\Roaming\Code\User\globalStorage\redhat.java\1.43.1\config_win\org.eclipse.equinox.launcher\org.eclipse.equinox.launcher.win32.win32.x86_64_1.2.1300.v20250331-1702;C:\Users\PMLS\AppData\Local\Temp\jna-76263555

VM Arguments:
jvm_args: --add-modules=ALL-SYSTEM --add-opens=java.base/java.util=ALL-UNNAMED --add-opens=java.base/java.lang=ALL-UNNAMED --add-opens=java.base/sun.nio.fs=ALL-UNNAMED -Declipse.application=org.eclipse.jdt.ls.core.id1 -Dosgi.bundles.defaultStartLevel=4 -Declipse.product=org.eclipse.jdt.ls.core.product -Djava.import.generatesMetadataFilesAtProjectRoot=false -DDetectVMInstallationsJob.disabled=true -Dfile.encoding=utf8 -XX:+UseParallelGC -XX:GCTimeRatio=4 -XX:AdaptiveSizePolicyWeight=90 -Dsun.zip.disableMemoryMapping=true -Xmx2G -Xms100m -Xlog:disable -javaagent:c:\Users\PMLS\.vscode\extensions\redhat.java-1.43.1-win32-x64\lombok\lombok-1.18.39-4050.jar -XX:+HeapDumpOnOutOfMemoryError -XX:HeapDumpPath=c:\Users\PMLS\AppData\Roaming\Code\User\workspaceStorage\b741e66c2fbb7d450fd3154f50371b40\redhat.java -Daether.dependencyCollector.impl=bf 
java_command: c:\Users\PMLS\.vscode\extensions\redhat.java-1.43.1-win32-x64\server\plugins\org.eclipse.equinox.launcher_1.7.0.v20250519-0528.jar -configuration c:\Users\PMLS\AppData\Roaming\Code\User\globalStorage\redhat.java\1.43.1\config_win -data c:\Users\PMLS\AppData\Roaming\Code\User\workspaceStorage\b741e66c2fbb7d450fd3154f50371b40\redhat.java\jdt_ws --pipe=\\.\pipe\lsp-834020dde47c2fec358d65f779cccce5-sock
java_class_path (initial): c:\Users\PMLS\.vscode\extensions\redhat.java-1.43.1-win32-x64\server\plugins\org.eclipse.equinox.launcher_1.7.0.v20250519-0528.jar
Launcher Type: SUN_STANDARD

[Global flags]
    uintx AdaptiveSizePolicyWeight                 = 90                                        {product} {command line}
     intx CICompilerCount                          = 4                                         {product} {ergonomic}
    uintx GCTimeRatio                              = 4                                         {product} {command line}
     bool HeapDumpOnOutOfMemoryError               = true                                   {manageable} {command line}
    ccstr HeapDumpPath                             = c:\Users\PMLS\AppData\Roaming\Code\User\workspaceStorage\b741e66c2fbb7d450fd3154f50371b40\redhat.java         {manageable} {command line}
   size_t InitialHeapSize                          = 104857600                                 {product} {command line}
   size_t MaxHeapSize                              = 2147483648                                {product} {command line}
   size_t MaxNewSize                               = 715653120                                 {product} {ergonomic}
   size_t MinHeapDeltaBytes                        = 524288                                    {product} {ergonomic}
   size_t MinHeapSize                              = 104857600                                 {product} {command line}
   size_t NewSize                                  = 34603008                                  {product} {ergonomic}
    uintx NonNMethodCodeHeapSize                   = 5839372                                {pd product} {ergonomic}
    uintx NonProfiledCodeHeapSize                  = 122909434                              {pd product} {ergonomic}
   size_t OldSize                                  = 70254592                                  {product} {ergonomic}
    uintx ProfiledCodeHeapSize                     = 122909434                              {pd product} {ergonomic}
    uintx ReservedCodeCacheSize                    = 251658240                              {pd product} {ergonomic}
     bool SegmentedCodeCache                       = true                                      {product} {ergonomic}
   size_t SoftMaxHeapSize                          = 2147483648                             {manageable} {ergonomic}
     bool UseCompressedOops                        = true                           {product lp64_product} {ergonomic}
     bool UseLargePagesIndividualAllocation        = false                                  {pd product} {ergonomic}
     bool UseParallelGC                            = true                                      {product} {command line}

Logging:
Log output configuration:
 #0: stdout all=off uptime,level,tags foldmultilines=false
 #1: stderr all=off uptime,level,tags foldmultilines=false

Environment Variables:
JAVA_HOME=C:\Program Files\Java\jdk-18.0.2
CLASSPATH=C:\Users\PMLS\Desktop\projct\pak.jar
PATH=C:\app\PMYLS\product\21c\dbhomeXE\bin;C:\Program Files\Common Files\Oracle\Java\javapath;C:\Windows\system32;C:\Windows;C:\Windows\System32\Wbem;C:\Windows\System32\WindowsPowerShell\v1.0\;C:\Windows\System32\OpenSSH\;C:\Program Files\Git\cmd;C:\Program Files\MySQL\MySQL Server 8.0\bin;C:\msys64\ucrt64\bin;E:\data;C:\Program Files\Java\jdk-18.0.2\bin;C:\Users\PMLS\AppData\Local\Programs\Python\Python310;C:\Users\PMLS\Downloads\ngrok-v3-stable-windows-amd64;C:\Program Files\nodejs\;C:\ProgramData\chocolatey\bin;C:\Program Files\Docker\Docker\resources\bin;C:\Program Files\MySQL\MySQL Shell 8.0\bin\;C:\Users\PMLS\AppData\Local\Microsoft\WindowsApps;C:\Users\PMLS\AppData\Local\Programs\Microsoft VS Code\bin;C:\ngrok;C:\Users\PMLS\AppData\Roaming\npm
USERNAME=PMYLS
OS=Windows_NT
PROCESSOR_IDENTIFIER=Intel64 Family 6 Model 154 Stepping 4, GenuineIntel
TMP=C:\Users\PMLS\AppData\Local\Temp
TEMP=C:\Users\PMLS\AppData\Local\Temp




Periodic native trim disabled

---------------  S Y S T E M  ---------------

OS:
 Windows 10 , 64 bit Build 19041 (10.0.19041.5915)
OS uptime: 0 days 9:12 hours
Hyper-V role detected

CPU: total 12 (initial active 12) (6 cores per cpu, 2 threads per core) family 6 model 154 stepping 4 microcode 0x424, cx8, cmov, fxsr, ht, mmx, 3dnowpref, sse, sse2, sse3, ssse3, sse4.1, sse4.2, popcnt, lzcnt, tsc, tscinvbit, avx, avx2, aes, erms, clmul, bmi1, bmi2, adx, sha, fma, vzeroupper, clflush, clflushopt, clwb, hv, rdtscp, rdpid, fsrm, f16c, cet_ibt, cet_ss
Processor Information for processor 0
  Max Mhz: 1300, Current Mhz: 1300, Mhz Limit: 1300
Processor Information for processor 1
  Max Mhz: 1300, Current Mhz: 1300, Mhz Limit: 1300
Processor Information for processor 2
  Max Mhz: 1300, Current Mhz: 1300, Mhz Limit: 1300
Processor Information for processor 3
  Max Mhz: 1300, Current Mhz: 1300, Mhz Limit: 1300
Processor Information for processor 4
  Max Mhz: 900, Current Mhz: 900, Mhz Limit: 900
Processor Information for processor 5
  Max Mhz: 900, Current Mhz: 900, Mhz Limit: 900
Processor Information for processor 6
  Max Mhz: 900, Current Mhz: 900, Mhz Limit: 900
Processor Information for processor 7
  Max Mhz: 900, Current Mhz: 900, Mhz Limit: 900
Processor Information for processor 8
  Max Mhz: 900, Current Mhz: 900, Mhz Limit: 900
Processor Information for processor 9
  Max Mhz: 900, Current Mhz: 900, Mhz Limit: 900
Processor Information for processor 10
  Max Mhz: 900, Current Mhz: 900, Mhz Limit: 900
Processor Information for processor 11
  Max Mhz: 900, Current Mhz: 900, Mhz Limit: 900

Memory: 4k page, system-wide physical 7916M (420M free)
TotalPageFile size 23733M (AvailPageFile size 6M)
current process WorkingSet (physical memory assigned to process): 919M, peak: 919M
current process commit charge ("private bytes"): 1037M, peak: 1038M

vm_info: OpenJDK 64-Bit Server VM (21.0.7+6-LTS) for windows-amd64 JRE (21.0.7+6-LTS), built on 2025-04-15T00:00:00Z by "admin" with MS VC++ 17.7 (VS2022)

END.
